umzphn sgtzea 33
hqwjrd sqtqvt 61
bntzgs hdylrg 76
bnrzgs sqtxft 10
wkyzsd bgtzgs 80
sttzet woyjid 78
iqqvvt hqylrd 59
spceve hhybgn 65
sqtxft bisswd 53
bgtzes sgtzea 2

gmuusakvmt ypbwwyqmuh 15
eoxrvprpic eoxrvprpic 0
apbraptvih doqffnjpmm 27
gvaoffjkxy ivhnffnkxy 5
aobraptvih xoxrvptpih 5
koxrvpipzc doxfknipmm 12
koxrepepzc apbwwyqvih 17
koxfekepem gmuusakvmt 38
aobraptvih apbwaytvih 3
gvqffnjpmx koxrepepzm 16
imfwsauvmh apbwwyqvih 12
hmuusakmtt apbwwyqmuh 18
ipfwsyuvmh koxfekepmm 31
rvhnflndxy gmuwsakvmh 66
gmfwsakvmh koxrepkpzc 31
eoxrvpipic gvqofnjpxh 24
apbwaytvih gvqffnjpmx 32
ivhoffnkxy gmuwsakvmt 63
gmuusakvmt ipfwsauvmh 6

mutdcn vgagwq 41
qebgwa gumyqn 33

mmjo djhk 34
yzjy dywh 23
mmjo covc 26

ldxhgkdk dsqogkvm 29
inesggmm indxgkvm 4
inesggmk voxhgkdk 17
jsqogkvm voxhqkdk 32
ldxhgkdk icengack 12
indxgkmm ldxhgkdk 19
ijxngcgk ixesggmk 9
ndxhgkdk icengack 11
icxngbjk icengbck 2
anqogkvm voxhqkdk 29

j l 1

t t 0

pbfqv mwhlh 44
mwhbh eanvv 53

khxdh jyfgf 27

fa au 2

ndqgc pzwlo 10
ngtme zzqnh 30

aegdzulu edebobls 10

a a 0

b x 1

nzuaqrzw ihnoyykn 65
bwuwrgfm pkszgriw 25
mtrowxdh yafqhtfm 28
chnyxxfa chnyxxga 1
oolaqgzw mlrocxmn 53
chnyjxfa nouaqriw 39
oorwqgbw nouaqrtw 10
oorwqgbw nouzgriw 12
mtrwxxdh mlnocyen 9
oorwwgbm nouaqrzw 11
oiiwrgfm yhyyhyza 17
oohaqgbw cirpxjsh 39
mirpxxdh mtrwxxdh 2
mtrocxmn oorwqgbw 47
ywiwrgfm pjszgriw 23

mnjoawq jgvunvv 26
aqiwzqk jyczupy 31
jdvucfv jyczgpy 70

pkxy uumo 19
vcme pady 9

scyoipf smhzpof 8
fmxckof fmxcpof 1
smrzjof hfxcakf 11
ffxcxof hfxcakf 3
hfxcxkf hfxcxof 1
fmxckof smroiof 9

jv kp 2

opkky wjkzr 14
juupa fjcvj 31
afcil afcit 1
bjopm wzkeh 21
wjkzr bjopm 17
cjooa cjopa 1
hjowq fjcqj 6
apops afcit 59
juupi cplky 13

pjploi bfxtdm 68
qwcjou yutbob 19
wfnadm zuxgsk 48
yuipob qgcisx 22
qhfisx yjiaob 22
pwclou oxface 61
tbioeh utfjnr 24
bxkace yumbee 42
qwsiqn bfnpdm 35
wiface qbipee 35
wifnqx bfnpdm 87

uldn uidl 2
uqdn uidn 1
uqdn uidl 2

cyg efg 3
jme gqd 10

zkctylisjn ndcspoqmsi 113
vmqoevfacd yaljevteuc 20
cryhexiexf mgjakpdtnt 50
zkctylisjn zkctylisjn 0
kwjnexaepc oagxevuinc 43
clchewipsf fgjquedrzx 33
kwjnexaepc kwjfegaepf 3
ndcspoqmsx tgjfuprfnw 41
ndnraoqrsi vlvfiprfnn 40
mgjaupdtnt fdnqurdrzx 14
tgjfuprfnw afgxevhzmz 122
ndcspoqmsx zkctylisjn 112
yavxevuiuc afgxevhzmz 15
zpcokliyla oagxevuiuc 52
zmvoevwacd afaxevhzmu 38
fgequpdwzt nzcfpoqmsx 29

zryzvpxczz ehiavgaftn 34
nshnylaftn nshaylaftn 1
ecfzvjigki azfhwoxgcr 39
azfrmovgor awfzwoxuoz 10
azfemovvej ehmavgaftn 62
brtzvcijii avfzwoxgoz 25
uphiylefes zrfzvpxczz 55
cwcejwevai ihiavgaftn 75
zkfzfpxczz azfrmovgor 20
rzxemwevej scfzvpigki 51
ozfrmovgej ehyavgafjn 56
ecfzvjigki cwcejwbkaa 64
ozfrmovgor azfemwvvej 6
affzfoxcoz azfemwvvej 21
ishaylaftn uphisnofes 17
affzjoxcoz nshnyliftb 55
nahnyliftb bctzvzirii 33
awfzwoxuoz rzxemwevej 20

l d 1

lcacnq lcacnq 0
lnacny lnacno 1
oaudnq maudhq 2
oaudnq oaudnq 0
maudxq xcacnq 7

ejsjhxekmx lisjhxeuua 11
lgetpukelx njdfoplajt 103
lisjjdexlu bjdfoplajd 38
njdtnppajx dlsomfplmp 73
ygqtnzpbzx nisjhxubun 45

f u 1

swmzsi zushhw 13
tdchsb thczsi 3

xrbwzohlbd xqeujrzeuf 131
xrcaaoqlnn edmooihlgf 123
fdtcomalhv srbwvohltd 97
fclwbcortw trmbothmgf 73
xrbwzohlbn pclwwooumw 54
xrcwwohlbn xrbwzohlbn 3
fclwbcortw jtiniyrmft 27
mrcaaoqlnn jtnflyrhgr 94
jtncfyfhgr edmoomhlgf 26
mrcaaoqlnn srqwvkhlaw 16

isvnu qnito 42
saehm saedj 2
qnffx qnefx 1
psvou qnifx 42
toxhm toxlg 2
qjepy saqjr 21
saqjr qjkpy 20
saedj toxly 8
qtbly saadj 14

yueqszd crqqued 16
xvzhqxn bpuuqrl 20
xvzrghn hlzquly 75

r c 1

av it 3
yj qx 2

xieigw bkylto 50
itpkvp itkqrt 6

xwfqddtomg paylajodpf 76
znmftrazja mgrbaqfgnf 46
tbafmmuzvm vdkdasolye 75
tgafajjevb mgroayfevi 12
tgafumuzvm ptyyajofps 48
tgafdmfpvb mgrbaqflnf 26
tgafumuzvm mgrzayfevl 23
parqaqqdof xvfqddtomg 72
ftudorvxdp yunblbvxdp 13
yenbiovxdp xwfqddtomg 133
ctskasolyd vdkdasqxye 11
mgyjagjevu ftykasoxyd 45

ltgmrwnw kfqcxdjv 27
kfbcxdtv twwcdjrv 13
pfecxdjv lwwceorw 16
dmesbkmv dmecqqjv 5
dmecqkjv dmesbkmv 4
kfqcxdjv kfbcxqjv 2
lwwcdwrw dcbcxqjv 23
kfbcxdtv jwwcsdkv 8
pfecsdkv lwwcgwnw 18
pfecsdkv kfecxdjv 3
jwwcsdkv jwwcsmkv 1
kfbcxdjv jwecsdkv 6
dcbcxqjv lwgjrwnw 28
lwwjrwnw dmebqkjv 32
dcbcxqjv dcecqqjv 2

oprs zcex 30
pprs liwj 10
zlzl liwj 47
lhif naxh 7
lhxg zhil 49

k r 1

jfgfohh ywgfoql 14
jfsfoyo jfsfoht 2
jfglohl jksfoyk 7
jfsfoym owgforl 9
jfgfoht ywgfoql 13

oaaywn pjwijq 45
xqqfme rkfcot 34
dlqbrm oaryws 20
zyfcqf mpboax 19
bqinia fxuord 45
zjbiog dyfcqh 10
ovwmjl pjwkjz 31
lcwvgl moqoue 96
ddfcot lcwdgl 69
moqfme pjgnju 118
oaaywn dyfcqh 51

lzq yhz 13

x q 1

kyf vly 7
wtt kcf 9

uh sk 2

k s 1

ldiq wdin 23
tokh wbif 9
rywo rywf 1

tdimaw mpjnee 49
psuiaw hypuvn 14
gyuuvf apslah 62
iuhaog apulxs 23
aphlxs gyuuvc 57

ukrimx kgdthr 34
yilwqw lkdxmr 45
lysfmr varcvq 80
syegtv xmitfy 73
dvcwqw cbksgh 18
xgutny vjdtvq 10
xgitfy uqritb 34
eqwwgy dzlldw 20
gylzso kuqtky 70
kgdthy xsrfty 22
