matrix for city 0
0 1
0 0
matrix for city 1
-1 -1
-1 -1
matrix for city 2
0 0 0
1 0 1
0 0 0
matrix for city 3
-1 -1 -1 -1 -1 -1 -1 -1 -1 0
-1 -1 -1 -1 -1 -1 -1 -1 -1 0
-1 -1 -1 -1 -1 -1 -1 -1 -1 0
-1 -1 -1 -1 -1 -1 -1 -1 -1 0
-1 -1 -1 -1 -1 -1 -1 -1 -1 0
-1 -1 -1 -1 -1 -1 -1 -1 -1 0
-1 -1 -1 -1 -1 -1 -1 -1 -1 0
-1 -1 -1 -1 -1 -1 -1 -1 -1 0
-1 -1 -1 -1 -1 -1 -1 -1 -1 0
-1 -1 -1 -1 -1 -1 -1 -1 -1 0
matrix for city 4
-1 -1 -1 -1 -1 -1 -1
-1 -1 -1 -1 -1 -1 -1
-1 -1 -1 -1 -1 -1 -1
-1 -1 -1 -1 -1 -1 -1
-1 -1 -1 -1 -1 -1 -1
-1 -1 -1 -1 -1 -1 -1
-1 -1 -1 -1 -1 -1 -1
matrix for city 5
0 1 0 1
0 0 0 1
0 0 0 1
0 0 0 0
matrix for city 6
-1 -1 -1 -1 -1 -1 -1 -1
-1 -1 -1 -1 -1 -1 -1 -1
-1 -1 -1 -1 -1 -1 -1 -1
-1 -1 -1 -1 -1 -1 -1 -1
-1 -1 -1 -1 -1 -1 -1 -1
-1 -1 -1 -1 -1 -1 -1 -1
-1 -1 -1 -1 -1 -1 -1 -1
-1 -1 -1 -1 -1 -1 -1 -1
matrix for city 7
-1 -1 -1 -1 -1 -1
-1 -1 -1 -1 -1 -1
-1 -1 -1 -1 -1 -1
-1 -1 -1 -1 -1 -1
-1 -1 -1 -1 -1 -1
-1 -1 -1 -1 -1 -1
matrix for city 8
-1 -1 -1 -1 -1 -1 -1
-1 -1 -1 -1 -1 -1 -1
-1 -1 -1 -1 -1 -1 -1
-1 -1 -1 -1 -1 -1 -1
-1 -1 -1 -1 -1 -1 -1
-1 -1 -1 -1 -1 -1 -1
-1 -1 -1 -1 -1 -1 -1
matrix for city 9
-1 -1 -1 -1 -1 -1 0 -1 -1 0
-1 -1 -1 -1 -1 -1 0 -1 -1 0
-1 -1 -1 -1 -1 -1 0 -1 -1 0
-1 -1 -1 -1 -1 -1 0 -1 -1 0
-1 -1 -1 -1 -1 -1 0 -1 -1 0
-1 -1 -1 -1 -1 -1 0 -1 -1 0
-1 -1 -1 -1 -1 -1 0 -1 -1 1
-1 -1 -1 -1 -1 -1 0 -1 -1 0
-1 -1 -1 -1 -1 -1 0 -1 -1 0
0 0 0 0 0 0 0 0 0 0
matrix for city 10
-1 -1 -1 -1 -1 -1 -1 -1 -1
-1 -1 -1 -1 -1 -1 -1 -1 -1
-1 -1 -1 -1 -1 -1 -1 -1 -1
-1 -1 -1 -1 -1 -1 -1 -1 -1
-1 -1 -1 -1 -1 -1 -1 -1 -1
-1 -1 -1 -1 -1 -1 -1 -1 -1
-1 -1 -1 -1 -1 -1 -1 -1 -1
-1 -1 -1 -1 -1 -1 -1 -1 -1
-1 -1 -1 -1 -1 -1 -1 -1 -1
matrix for city 11
0 1 1
0 0 1
0 0 0
matrix for city 12
-1 -1 -1 -1 -1 -1 -1 -1 -1 -1
-1 -1 -1 -1 -1 -1 -1 -1 -1 -1
-1 -1 -1 -1 -1 -1 -1 -1 -1 -1
-1 -1 -1 -1 -1 -1 -1 -1 -1 -1
-1 -1 -1 -1 -1 -1 -1 -1 -1 -1
-1 -1 -1 -1 -1 -1 -1 -1 -1 -1
-1 -1 -1 -1 -1 -1 -1 -1 -1 -1
-1 -1 -1 -1 -1 -1 -1 -1 -1 -1
-1 -1 -1 -1 -1 -1 -1 -1 -1 -1
-1 -1 -1 -1 -1 -1 -1 -1 -1 -1
matrix for city 13
-1 -1 -1 -1 -1 -1 -1 -1 -1 -1
-1 -1 -1 -1 -1 -1 -1 -1 -1 -1
-1 -1 -1 -1 -1 -1 -1 -1 -1 -1
-1 -1 -1 -1 -1 -1 -1 -1 -1 -1
-1 -1 -1 -1 -1 -1 -1 -1 -1 -1
-1 -1 -1 -1 -1 -1 -1 -1 -1 -1
-1 -1 -1 -1 -1 -1 -1 -1 -1 -1
-1 -1 -1 -1 -1 -1 -1 -1 -1 -1
-1 -1 -1 -1 -1 -1 -1 -1 -1 -1
-1 -1 -1 -1 -1 -1 -1 -1 -1 -1
matrix for city 14
-1 -1 0 -1 0 0 -1 -1 0 0
-1 -1 0 -1 0 0 -1 -1 0 0
-1 -1 0 -1 0 1 -1 -1 0 0
-1 -1 0 -1 0 0 -1 -1 0 0
-1 -1 1 -1 0 1 -1 -1 0 0
-1 -1 0 -1 0 0 -1 -1 0 0
-1 -1 0 -1 0 0 -1 -1 0 0
-1 -1 0 -1 0 0 -1 -1 0 0
0 0 0 0 0 0 0 0 0 0
-1 -1 0 -1 0 1 -1 -1 0 0
matrix for city 15
-1 -1 -1 -1 -1 -1 -1
-1 -1 -1 -1 -1 -1 -1
-1 -1 -1 -1 -1 -1 -1
-1 -1 -1 -1 -1 -1 -1
-1 -1 -1 -1 -1 -1 -1
-1 -1 -1 -1 -1 -1 -1
-1 -1 -1 -1 -1 -1 -1
matrix for city 16
0 0 0 0
0 0 0 0
0 1 0 0
0 1 0 0
matrix for city 17
0 0 0 0 0 0 0 0 0
0 0 0 0 0 0 0 0 1
0 0 0 0 0 0 0 0 0
0 1 0 0 0 0 0 0 1
0 0 0 0 0 0 0 0 0
0 0 0 0 0 0 0 0 0
0 0 0 0 0 0 0 0 0
0 0 0 0 0 0 0 0 0
0 0 0 0 0 0 0 0 0
matrix for city 18
-1 -1 -1 -1 -1 -1 -1 -1 -1 -1
-1 -1 -1 -1 -1 -1 -1 -1 -1 -1
-1 -1 -1 -1 -1 -1 -1 -1 -1 -1
-1 -1 -1 -1 -1 -1 -1 -1 -1 -1
-1 -1 -1 -1 -1 -1 -1 -1 -1 -1
-1 -1 -1 -1 -1 -1 -1 -1 -1 -1
-1 -1 -1 -1 -1 -1 -1 -1 -1 -1
-1 -1 -1 -1 -1 -1 -1 -1 -1 -1
-1 -1 -1 -1 -1 -1 -1 -1 -1 -1
-1 -1 -1 -1 -1 -1 -1 -1 -1 -1
matrix for city 19
0 1 0 0 0 1 0
0 0 0 0 0 1 0
2 3 0 0 1 5 0
3 4 1 0 1 6 0
1 2 0 0 0 3 0
0 0 0 0 0 0 0
0 0 0 0 0 1 0
matrix for city 20
-1 0 -1 -1 0 0 -1
-1 0 -1 -1 0 1 -1
-1 0 -1 -1 0 0 -1
-1 0 -1 -1 0 0 -1
-1 1 -1 -1 0 2 -1
-1 0 -1 -1 0 0 -1
0 0 0 0 0 0 0
matrix for city 21
-1 -1 -1 -1 -1 -1 -1 -1
-1 -1 -1 -1 -1 -1 -1 -1
-1 -1 -1 -1 -1 -1 -1 -1
-1 -1 -1 -1 -1 -1 -1 -1
-1 -1 -1 -1 -1 -1 -1 -1
-1 -1 -1 -1 -1 -1 -1 -1
-1 -1 -1 -1 -1 -1 -1 -1
-1 -1 -1 -1 -1 -1 -1 -1
matrix for city 22
-1 0 0 -1 -1
-1 0 0 -1 -1
0 0 0 0 0
-1 0 0 -1 -1
0 0 0 0 0
matrix for city 23
-1 -1 -1 -1 -1 -1 -1 -1 -1 -1
-1 -1 -1 -1 -1 -1 -1 -1 -1 -1
-1 -1 -1 -1 -1 -1 -1 -1 -1 -1
-1 -1 -1 -1 -1 -1 -1 -1 -1 -1
-1 -1 -1 -1 -1 -1 -1 -1 -1 -1
-1 -1 -1 -1 -1 -1 -1 -1 -1 -1
0 0 0 0 0 0 0 0 0 0
-1 -1 -1 -1 -1 -1 -1 -1 -1 -1
-1 -1 -1 -1 -1 -1 -1 -1 -1 -1
0 0 0 0 0 0 1 0 0 0
matrix for city 24
0 -1 -1 -1 -1
0 -1 -1 -1 -1
0 -1 -1 -1 -1
0 -1 -1 -1 -1
0 -1 -1 -1 -1
matrix for city 25
-1 -1 -1 -1 -1 -1 -1 0 0
-1 -1 -1 -1 -1 -1 -1 0 0
-1 -1 -1 -1 -1 -1 -1 0 0
-1 -1 -1 -1 -1 -1 -1 0 0
-1 -1 -1 -1 -1 -1 -1 0 0
-1 -1 -1 -1 -1 -1 -1 0 0
-1 -1 -1 -1 -1 -1 -1 0 0
-1 -1 -1 -1 -1 -1 -1 0 0
-1 -1 -1 -1 -1 -1 -1 0 0
matrix for city 26
0 0 0 0 0 0 0 0 1
0 0 0 0 0 0 0 0 0
0 0 0 0 0 0 0 0 0
1 0 0 0 0 1 0 0 1
0 0 0 0 0 0 0 0 0
0 0 0 0 0 0 0 0 0
0 0 0 0 0 0 0 0 0
0 0 0 0 0 0 0 0 0
0 0 0 0 0 0 0 0 0
matrix for city 27
0 0 0 0 0 0 0 0
0 0 0 0 0 0 0 0
0 0 0 1 0 0 0 0
0 0 0 0 0 0 0 0
1 0 0 0 0 1 1 1
1 0 0 0 0 0 0 1
1 0 0 0 0 1 0 1
0 0 0 0 0 0 0 0
matrix for city 28
-1 -1 -1 -1 -1 -1 -1 -1 -1
-1 -1 -1 -1 -1 -1 -1 -1 -1
-1 -1 -1 -1 -1 -1 -1 -1 -1
-1 -1 -1 -1 -1 -1 -1 -1 -1
-1 -1 -1 -1 -1 -1 -1 -1 -1
-1 -1 -1 -1 -1 -1 -1 -1 -1
-1 -1 -1 -1 -1 -1 -1 -1 -1
-1 -1 -1 -1 -1 -1 -1 -1 -1
-1 -1 -1 -1 -1 -1 -1 -1 -1
matrix for city 29
0 -1 -1 -1 -1 -1 -1 0 -1 -1
0 -1 -1 -1 -1 -1 -1 0 -1 -1
0 -1 -1 -1 -1 -1 -1 0 -1 -1
0 -1 -1 -1 -1 -1 -1 0 -1 -1
0 -1 -1 -1 -1 -1 -1 0 -1 -1
0 -1 -1 -1 -1 -1 -1 0 -1 -1
0 -1 -1 -1 -1 -1 -1 0 -1 -1
0 -1 -1 -1 -1 -1 -1 0 -1 -1
0 -1 -1 -1 -1 -1 -1 0 -1 -1
0 -1 -1 -1 -1 -1 -1 0 -1 -1
matrix for city 30
-1 -1 -1 -1 -1 -1 -1 -1
-1 -1 -1 -1 -1 -1 -1 -1
-1 -1 -1 -1 -1 -1 -1 -1
-1 -1 -1 -1 -1 -1 -1 -1
-1 -1 -1 -1 -1 -1 -1 -1
-1 -1 -1 -1 -1 -1 -1 -1
-1 -1 -1 -1 -1 -1 -1 -1
-1 -1 -1 -1 -1 -1 -1 -1
matrix for city 31
-1 -1 -1 -1 -1 -1 -1
-1 -1 -1 -1 -1 -1 -1
-1 -1 -1 -1 -1 -1 -1
-1 -1 -1 -1 -1 -1 -1
-1 -1 -1 -1 -1 -1 -1
-1 -1 -1 -1 -1 -1 -1
-1 -1 -1 -1 -1 -1 -1
matrix for city 32
-1 -1 0 -1 -1
-1 -1 0 -1 -1
0 0 0 0 0
-1 -1 0 -1 -1
0 0 0 0 0
matrix for city 33
0 0 1 1 0
0 0 0 1 0
0 0 0 1 0
0 0 0 0 0
0 1 0 1 0
matrix for city 34
-1 -1 -1 -1 -1 -1 -1 -1 -1 -1
-1 -1 -1 -1 -1 -1 -1 -1 -1 -1
-1 -1 -1 -1 -1 -1 -1 -1 -1 -1
-1 -1 -1 -1 -1 -1 -1 -1 -1 -1
-1 -1 -1 -1 -1 -1 -1 -1 -1 -1
-1 -1 -1 -1 -1 -1 -1 -1 -1 -1
-1 -1 -1 -1 -1 -1 -1 -1 -1 -1
-1 -1 -1 -1 -1 -1 -1 -1 -1 -1
-1 -1 -1 -1 -1 -1 -1 -1 -1 -1
-1 -1 -1 -1 -1 -1 -1 -1 -1 -1
matrix for city 35
-1 -1 0 -1 0 -1 0 0 0
-1 -1 0 -1 0 -1 0 0 0
0 0 -1 0 0 0 -1 0 0
0 0 0 0 0 0 0 0 0
0 0 0 0 0 0 0 0 0
0 0 0 0 0 0 0 0 0
0 0 -1 0 0 0 -1 0 0
0 0 -1 0 -1 0 -1 -1 -1
0 0 -1 0 -1 0 -1 -1 -1
matrix for city 36
-1 -1 -1 0 -1
-1 -1 -1 0 -1
-1 -1 -1 0 -1
-1 -1 -1 0 -1
-1 -1 -1 0 -1
matrix for city 37
-1 0 0 -1
0 -1 -1 0
0 -1 -1 0
-1 0 0 -1
matrix for city 38
0 0 1
0 0 1
0 0 0
matrix for city 39
-1 -1 -1 -1 -1 -1 -1 -1 -1 -1
-1 -1 -1 -1 -1 -1 -1 -1 -1 -1
-1 -1 -1 -1 -1 -1 -1 -1 -1 -1
-1 -1 -1 -1 -1 -1 -1 -1 -1 -1
-1 -1 -1 -1 -1 -1 -1 -1 -1 -1
-1 -1 -1 -1 -1 -1 -1 -1 -1 -1
-1 -1 -1 -1 -1 -1 -1 -1 -1 -1
-1 -1 -1 -1 -1 -1 -1 -1 -1 -1
-1 -1 -1 -1 -1 -1 -1 -1 -1 -1
-1 -1 -1 -1 -1 -1 -1 -1 -1 -1
matrix for city 40
-1 -1 -1 -1 -1 -1
-1 -1 -1 -1 -1 -1
-1 -1 -1 -1 -1 -1
0 0 0 -1 0 -1
0 0 0 -1 0 -1
0 0 0 -1 0 -1
matrix for city 41
-1 -1 -1 -1 -1 -1 -1 -1
-1 -1 -1 -1 -1 -1 -1 -1
-1 -1 -1 -1 -1 -1 -1 -1
-1 -1 -1 -1 -1 -1 -1 -1
-1 -1 -1 -1 -1 -1 -1 -1
-1 -1 -1 -1 -1 -1 -1 -1
-1 -1 -1 -1 -1 -1 -1 -1
-1 -1 -1 -1 -1 -1 -1 -1
matrix for city 42
0 0 0 0 0
-1 -1 -1 -1 -1
-1 -1 -1 -1 -1
-1 -1 -1 -1 -1
-1 -1 -1 -1 -1
matrix for city 43
0 0 0 0 0 0
0 0 0 0 0 0
0 0 0 0 0 0
0 0 0 0 0 0
0 0 0 0 0 0
0 1 1 0 0 0
matrix for city 44
-1 -1 0 -1
-1 -1 0 -1
-1 -1 0 -1
-1 -1 0 -1
matrix for city 45
-1 -1 -1 -1 -1 -1 -1 -1
-1 -1 -1 -1 -1 -1 -1 -1
-1 -1 -1 -1 -1 -1 -1 -1
-1 -1 -1 -1 -1 -1 -1 -1
-1 -1 -1 -1 -1 -1 -1 -1
-1 -1 -1 -1 -1 -1 -1 -1
-1 -1 -1 -1 -1 -1 -1 -1
-1 -1 -1 -1 -1 -1 -1 -1
matrix for city 46
-1 -1 -1 -1 -1
-1 -1 -1 -1 -1
-1 -1 -1 -1 -1
-1 -1 -1 -1 -1
-1 -1 -1 -1 -1
matrix for city 47
-1 -1 -1 -1 -1 -1 -1 -1 -1 -1
-1 -1 -1 -1 -1 -1 -1 -1 -1 -1
-1 -1 -1 -1 -1 -1 -1 -1 -1 -1
-1 -1 -1 -1 -1 -1 -1 -1 -1 -1
-1 -1 -1 -1 -1 -1 -1 -1 -1 -1
-1 -1 -1 -1 -1 -1 -1 -1 -1 -1
-1 -1 -1 -1 -1 -1 -1 -1 -1 -1
-1 -1 -1 -1 -1 -1 -1 -1 -1 -1
-1 -1 -1 -1 -1 -1 -1 -1 -1 -1
-1 -1 -1 -1 -1 -1 -1 -1 -1 -1
matrix for city 48
-1 -1 0 -1 -1 -1 -1
-1 -1 0 -1 -1 -1 -1
-1 -1 0 -1 -1 -1 -1
-1 -1 0 -1 -1 -1 -1
-1 -1 0 -1 -1 -1 -1
-1 -1 0 -1 -1 -1 -1
-1 -1 0 -1 -1 -1 -1
matrix for city 49
-1 -1 -1 -1 -1 -1 -1
-1 -1 -1 -1 -1 -1 -1
-1 -1 -1 -1 -1 -1 -1
-1 -1 -1 -1 -1 -1 -1
-1 -1 -1 -1 -1 -1 -1
-1 -1 -1 -1 -1 -1 -1
-1 -1 -1 -1 -1 -1 -1
matrix for city 50
-1 -1 0 -1 -1 -1 -1
-1 -1 0 -1 -1 -1 -1
-1 -1 0 -1 -1 -1 -1
-1 -1 0 -1 -1 -1 -1
-1 -1 0 -1 -1 -1 -1
-1 -1 0 -1 -1 -1 -1
-1 -1 0 -1 -1 -1 -1
matrix for city 51
-1 -1 -1 -1 -1 -1 -1 -1 -1
-1 -1 -1 -1 -1 -1 -1 -1 -1
-1 -1 -1 -1 -1 -1 -1 -1 -1
-1 -1 -1 -1 -1 -1 -1 -1 -1
-1 -1 -1 -1 -1 -1 -1 -1 -1
-1 -1 -1 -1 -1 -1 -1 -1 -1
-1 -1 -1 -1 -1 -1 -1 -1 -1
-1 -1 -1 -1 -1 -1 -1 -1 -1
-1 -1 -1 -1 -1 -1 -1 -1 -1
matrix for city 52
0 0 0 0 0 0 1
1 0 0 0 0 0 1
1 1 0 1 0 0 1
0 0 0 0 0 0 0
1 1 0 0 0 0 1
0 0 0 0 0 0 0
0 0 0 0 0 0 0
matrix for city 53
-1 -1 -1 -1 -1 -1 -1 -1 -1
-1 -1 -1 -1 -1 -1 -1 -1 -1
-1 -1 -1 -1 -1 -1 -1 -1 -1
-1 -1 -1 -1 -1 -1 -1 -1 -1
-1 -1 -1 -1 -1 -1 -1 -1 -1
-1 -1 -1 -1 -1 -1 -1 -1 -1
-1 -1 -1 -1 -1 -1 -1 -1 -1
-1 -1 -1 -1 -1 -1 -1 -1 -1
-1 -1 -1 -1 -1 -1 -1 -1 -1
matrix for city 54
-1 -1 0 -1 -1 -1 -1 0 -1 0
-1 -1 0 -1 -1 -1 -1 0 -1 0
-1 -1 0 -1 -1 -1 -1 0 -1 0
-1 -1 0 -1 -1 -1 -1 0 -1 0
0 0 0 0 0 0 0 0 1 0
-1 -1 0 -1 -1 -1 -1 0 -1 0
0 0 0 0 0 0 0 0 0 0
-1 -1 0 -1 -1 -1 -1 -1 -1 -1
0 0 0 0 0 0 0 0 0 0
-1 -1 0 -1 -1 -1 -1 -1 -1 -1
matrix for city 55
-1 -1 -1 -1 -1
-1 -1 -1 -1 -1
0 0 0 0 0
-1 -1 -1 -1 -1
-1 -1 -1 -1 -1
matrix for city 56
-1 -1 -1 0 -1 -1 -1 0 0 -1
-1 -1 -1 0 -1 -1 -1 0 0 -1
-1 -1 -1 0 -1 -1 -1 0 0 -1
-1 -1 -1 0 -1 -1 -1 0 0 -1
-1 -1 -1 0 -1 -1 -1 0 0 -1
-1 -1 -1 0 -1 -1 -1 0 0 -1
-1 -1 -1 0 -1 -1 -1 0 0 -1
-1 -1 -1 1 -1 -1 -1 0 0 -1
0 0 0 0 0 0 0 0 0 0
-1 -1 -1 0 -1 -1 -1 0 0 -1
matrix for city 57
-1 -1 -1 -1 -1 -1 -1 -1
-1 -1 -1 -1 -1 -1 -1 -1
-1 -1 -1 -1 -1 -1 -1 -1
-1 -1 -1 -1 -1 -1 -1 -1
-1 -1 -1 -1 -1 -1 -1 -1
-1 -1 -1 -1 -1 -1 -1 -1
-1 -1 -1 -1 -1 -1 -1 -1
-1 -1 -1 -1 -1 -1 -1 -1
matrix for city 58
-1 -1 -1 -1 -1 -1 -1 -1 -1 -1
-1 -1 -1 -1 -1 -1 -1 -1 -1 -1
-1 -1 -1 -1 -1 -1 -1 -1 -1 -1
-1 -1 -1 -1 -1 -1 -1 -1 -1 -1
-1 -1 -1 -1 -1 -1 -1 -1 -1 -1
-1 -1 -1 -1 -1 -1 -1 -1 -1 -1
-1 -1 -1 -1 -1 -1 -1 -1 -1 -1
-1 -1 -1 -1 -1 -1 -1 -1 -1 -1
-1 -1 -1 -1 -1 -1 -1 -1 -1 -1
-1 -1 -1 -1 -1 -1 -1 -1 -1 -1
matrix for city 59
0 -1 -1 -1 -1
0 -1 -1 -1 -1
0 -1 -1 -1 -1
0 -1 -1 -1 -1
0 0 0 0 0
matrix for city 60
-1 -1 -1 -1 -1 -1 -1
-1 -1 -1 -1 -1 -1 -1
-1 -1 -1 -1 -1 -1 -1
-1 -1 -1 -1 -1 -1 -1
-1 -1 -1 -1 -1 -1 -1
-1 -1 -1 -1 -1 -1 -1
-1 -1 -1 -1 -1 -1 -1
matrix for city 61
-1 -1 -1 -1 -1 -1 -1
-1 -1 -1 -1 -1 -1 -1
-1 -1 -1 -1 -1 -1 -1
-1 -1 -1 -1 -1 -1 -1
-1 -1 -1 -1 -1 -1 -1
0 0 0 0 0 0 0
-1 -1 -1 -1 -1 -1 -1
matrix for city 62
0 0 0 1 0 1
0 0 0 0 0 0
0 0 0 0 0 0
0 0 0 0 0 0
0 0 0 0 0 0
0 0 0 1 0 0
matrix for city 63
-1 -1 -1 -1 -1 -1 -1 -1 -1
-1 -1 -1 -1 -1 -1 -1 -1 -1
-1 -1 -1 -1 -1 -1 -1 -1 -1
-1 -1 -1 -1 -1 -1 -1 -1 -1
-1 -1 -1 -1 -1 -1 -1 -1 -1
-1 -1 -1 -1 -1 -1 -1 -1 -1
-1 -1 -1 -1 -1 -1 -1 -1 -1
-1 -1 -1 -1 -1 -1 -1 -1 -1
-1 -1 -1 -1 -1 -1 -1 -1 -1
matrix for city 64
-1 -1 -1 -1 -1 -1
-1 -1 -1 -1 -1 -1
-1 -1 -1 -1 -1 -1
-1 -1 -1 -1 -1 -1
-1 -1 -1 -1 -1 -1
-1 -1 -1 -1 -1 -1
matrix for city 65
-1 -1 -1 -1 -1
-1 -1 -1 -1 -1
-1 -1 -1 -1 -1
0 0 0 0 0
0 0 0 0 0
matrix for city 66
-1 -1 -1 -1 -1 -1 -1 -1 -1 -1
-1 -1 -1 -1 -1 -1 -1 -1 -1 -1
-1 -1 -1 -1 -1 -1 -1 -1 -1 -1
-1 -1 -1 -1 -1 -1 -1 -1 -1 -1
-1 -1 -1 -1 -1 -1 -1 -1 -1 -1
-1 -1 -1 -1 -1 -1 -1 -1 -1 -1
-1 -1 -1 -1 -1 -1 -1 -1 -1 -1
-1 -1 -1 -1 -1 -1 -1 -1 -1 -1
-1 -1 -1 -1 -1 -1 -1 -1 -1 -1
-1 -1 -1 -1 -1 -1 -1 -1 -1 -1
matrix for city 67
-1 -1 -1 -1 -1 -1 -1 -1 -1 -1
-1 -1 -1 -1 -1 -1 -1 -1 -1 -1
-1 -1 -1 -1 -1 -1 -1 -1 -1 -1
-1 -1 -1 -1 -1 -1 -1 -1 -1 -1
-1 -1 -1 -1 -1 -1 -1 -1 -1 -1
-1 -1 -1 -1 -1 -1 -1 -1 -1 -1
-1 -1 -1 -1 -1 -1 -1 -1 -1 -1
-1 -1 -1 -1 -1 -1 -1 -1 -1 -1
-1 -1 -1 -1 -1 -1 -1 -1 -1 -1
-1 -1 -1 -1 -1 -1 -1 -1 -1 -1
matrix for city 68
0 0 1 0 2
1 0 1 0 2
0 0 0 0 1
1 1 1 0 2
0 0 0 0 0
matrix for city 69
0 0 0 1 0 0 0
0 -1 0 0 0 0 -1
-1 -1 -1 -1 -1 0 -1
0 0 0 0 0 0 0
-1 -1 -1 -1 -1 0 -1
0 0 0 0 0 0 0
0 -1 0 0 0 0 -1
matrix for city 70
-1 -1 -1 -1 -1 -1 -1 -1
-1 -1 -1 -1 -1 -1 -1 -1
-1 -1 -1 -1 -1 -1 -1 -1
-1 -1 -1 -1 -1 -1 -1 -1
-1 -1 -1 -1 -1 -1 -1 -1
-1 -1 -1 -1 -1 -1 -1 -1
0 0 0 0 0 0 0 0
-1 -1 -1 -1 -1 -1 -1 -1
matrix for city 71
-1 -1 -1 -1 -1 -1 -1 -1
-1 -1 -1 -1 -1 -1 -1 -1
-1 -1 -1 -1 -1 -1 -1 -1
-1 -1 -1 -1 -1 -1 -1 -1
-1 -1 -1 -1 -1 -1 -1 -1
-1 -1 -1 -1 -1 -1 -1 -1
-1 -1 -1 -1 -1 -1 -1 -1
-1 -1 -1 -1 -1 -1 -1 -1
matrix for city 72
-1 -1 -1 -1 -1 -1
-1 -1 -1 -1 -1 -1
-1 -1 -1 -1 -1 -1
-1 -1 -1 -1 -1 -1
-1 -1 -1 -1 -1 -1
-1 -1 -1 -1 -1 -1
matrix for city 73
-1 -1 -1 -1 -1 -1
-1 -1 -1 -1 -1 -1
-1 -1 -1 -1 -1 -1
-1 -1 -1 -1 -1 -1
-1 -1 -1 -1 -1 -1
-1 -1 -1 -1 -1 -1
matrix for city 74
0 -1 -1 -1
0 -1 -1 -1
0 0 0 0
0 -1 -1 -1
matrix for city 75
0 0 1 0 0 0 0 0
0 0 0 0 0 0 0 0
0 0 0 0 0 0 0 0
0 0 0 0 0 0 0 0
0 0 0 0 0 0 0 0
0 0 0 0 0 0 1 0
0 0 0 0 0 0 0 0
0 1 0 0 0 0 0 0
matrix for city 76
0 0 0 0 0 0 0 0 0 0
0 0 0 1 0 1 0 0 0 1
0 0 0 1 0 0 0 0 0 1
0 0 0 0 0 0 0 0 0 1
0 0 0 0 0 0 0 0 0 0
0 0 0 0 0 0 0 0 0 0
0 0 0 0 0 0 0 0 0 0
0 0 0 0 0 0 0 0 0 0
0 0 0 0 0 0 0 1 0 0
0 0 0 0 0 0 0 0 0 0
matrix for city 77
-1 -1 -1 -1 -1 -1 -1 -1 -1 -1
-1 -1 -1 -1 -1 -1 -1 -1 -1 -1
-1 -1 -1 -1 -1 -1 -1 -1 -1 -1
-1 -1 -1 -1 -1 -1 -1 -1 -1 -1
-1 -1 -1 -1 -1 -1 -1 -1 -1 -1
-1 -1 -1 -1 -1 -1 -1 -1 -1 -1
-1 -1 -1 -1 -1 -1 -1 -1 -1 -1
-1 -1 -1 -1 -1 -1 -1 -1 -1 -1
-1 -1 -1 -1 -1 -1 -1 -1 -1 -1
-1 -1 -1 -1 -1 -1 -1 -1 -1 -1
matrix for city 78
-1 -1 -1 -1
-1 -1 -1 -1
-1 -1 -1 -1
-1 -1 -1 -1
matrix for city 79
-1 -1 -1 -1
0 0 0 0
-1 -1 -1 -1
-1 -1 -1 -1
matrix for city 80
0 1 0
0 0 0
1 1 0
matrix for city 81
-1 -1 -1
-1 -1 -1
0 0 0
matrix for city 82
-1 -1 -1 -1 -1 -1
-1 -1 -1 -1 -1 -1
-1 -1 -1 -1 -1 -1
-1 -1 -1 -1 -1 -1
-1 -1 -1 -1 -1 -1
-1 -1 -1 -1 -1 -1
matrix for city 83
-1 -1 -1 -1 -1 -1 -1 -1 -1
-1 -1 -1 -1 -1 -1 -1 -1 -1
-1 -1 -1 -1 -1 -1 -1 -1 -1
-1 -1 -1 -1 -1 -1 -1 -1 -1
-1 -1 -1 -1 -1 -1 -1 -1 -1
-1 -1 -1 -1 -1 -1 -1 -1 -1
-1 -1 -1 -1 -1 -1 -1 -1 -1
-1 -1 -1 -1 -1 -1 -1 -1 -1
-1 -1 -1 -1 -1 -1 -1 -1 -1
matrix for city 84
-1 -1 -1 -1 0 -1 -1
-1 -1 -1 -1 0 -1 -1
-1 -1 -1 -1 0 -1 -1
-1 -1 -1 -1 0 -1 -1
-1 -1 -1 -1 0 -1 -1
-1 -1 -1 -1 0 -1 -1
-1 -1 -1 -1 0 -1 -1
matrix for city 85
-1 -1 -1 -1 -1 -1 -1
-1 -1 -1 -1 -1 -1 -1
-1 -1 -1 -1 -1 -1 -1
-1 -1 -1 -1 -1 -1 -1
-1 -1 -1 -1 -1 -1 -1
-1 -1 -1 -1 -1 -1 -1
-1 -1 -1 -1 -1 -1 -1
matrix for city 86
0 0 0 0 0 0
1 0 0 0 1 0
-1 -1 -1 -1 -1 -1
-1 -1 -1 -1 -1 -1
0 0 0 0 0 0
-1 -1 -1 -1 -1 -1
matrix for city 87
0 0 1 0 0 0
0 -1 -1 -1 -1 -1
0 0 0 0 0 0
0 -1 -1 -1 -1 -1
0 -1 -1 -1 -1 -1
0 -1 -1 -1 -1 -1
matrix for city 88
-1 -1 -1 -1 -1 -1 -1 -1
-1 -1 -1 -1 -1 -1 -1 -1
-1 -1 -1 -1 -1 -1 -1 -1
-1 -1 -1 -1 -1 -1 -1 -1
-1 -1 -1 -1 -1 -1 -1 -1
-1 -1 -1 -1 -1 -1 -1 -1
-1 -1 -1 -1 -1 -1 -1 -1
-1 -1 -1 -1 -1 -1 -1 -1
matrix for city 89
0 1 1
0 0 1
0 0 0
matrix for city 90
-1 -1 -1 -1 -1 -1 -1
-1 -1 -1 -1 -1 -1 -1
-1 -1 -1 -1 -1 -1 -1
-1 -1 -1 -1 -1 -1 -1
-1 -1 -1 -1 -1 -1 -1
-1 -1 -1 -1 -1 -1 -1
-1 -1 -1 -1 -1 -1 -1
matrix for city 91
-1 -1 -1 -1 -1 -1 -1
-1 -1 -1 -1 -1 -1 -1
0 0 0 0 0 0 0
0 0 0 0 0 0 0
-1 -1 -1 -1 -1 -1 -1
-1 -1 -1 -1 -1 -1 -1
-1 -1 -1 -1 -1 -1 -1
matrix for city 92
-1 -1 -1 -1
-1 -1 -1 -1
-1 -1 -1 -1
-1 -1 -1 -1
matrix for city 93
-1 -1 -1 -1 -1 -1 -1 -1 -1
0 -1 0 -1 -1 -1 -1 0 0
0 0 0 0 0 0 0 0 0
0 -1 0 -1 -1 -1 -1 0 0
0 -1 0 -1 -1 -1 -1 0 0
0 -1 0 -1 -1 -1 -1 0 0
0 -1 0 -1 -1 -1 -1 0 0
-1 -1 -1 -1 -1 -1 -1 -1 -1
0 -1 0 -1 -1 -1 -1 0 0
matrix for city 94
-1 -1 -1 -1 -1 -1 -1
-1 -1 -1 -1 -1 -1 -1
-1 -1 -1 -1 -1 -1 -1
-1 -1 -1 -1 -1 -1 -1
-1 -1 -1 -1 -1 -1 -1
-1 -1 -1 -1 -1 -1 -1
-1 -1 -1 -1 -1 -1 -1
matrix for city 95
-1 -1 -1 -1 -1 -1
-1 -1 -1 -1 -1 -1
-1 -1 -1 -1 -1 -1
-1 -1 -1 -1 -1 -1
-1 -1 -1 -1 -1 -1
-1 -1 -1 -1 -1 -1
matrix for city 96
-1 -1 -1 -1 0
-1 -1 -1 -1 0
-1 -1 -1 -1 0
-1 -1 -1 -1 0
-1 -1 -1 -1 0
matrix for city 97
-1 -1 -1 -1 -1 -1 -1
-1 -1 -1 -1 -1 -1 -1
-1 -1 -1 -1 -1 -1 -1
-1 -1 -1 -1 -1 -1 -1
-1 -1 -1 -1 -1 -1 -1
-1 -1 -1 -1 -1 -1 -1
-1 -1 -1 -1 -1 -1 -1
matrix for city 98
-1 -1 -1 -1 -1 -1 -1 -1
-1 -1 -1 -1 -1 -1 -1 -1
-1 -1 -1 -1 -1 -1 -1 -1
-1 -1 -1 -1 -1 -1 -1 -1
-1 -1 -1 -1 -1 -1 -1 -1
-1 -1 -1 -1 -1 -1 -1 -1
-1 -1 -1 -1 -1 -1 -1 -1
-1 -1 -1 -1 -1 -1 -1 -1
matrix for city 99
-1 -1 -1 -1 -1 -1 -1 -1 -1
-1 -1 -1 -1 -1 -1 -1 -1 -1
-1 -1 -1 -1 -1 -1 -1 -1 -1
-1 -1 -1 -1 -1 -1 -1 -1 -1
-1 -1 -1 -1 -1 -1 -1 -1 -1
-1 -1 -1 -1 -1 -1 -1 -1 -1
-1 -1 -1 -1 -1 -1 -1 -1 -1
-1 -1 -1 -1 -1 -1 -1 -1 -1
-1 -1 -1 -1 -1 -1 -1 -1 -1
