58 13 10 sum:81
20 sum:20
7 17 12 28 sum:64
3 sum:3
30 28 10 sum:68
36 31 32 sum:99
34 3 17 2 25 sum:81
28 4 51 sum:83
37 39 12 sum:88
20 7 16 15 3 sum:61
2 21 30 sum:53
28 sum:28
25 sum:25
39 2 sum:41
2 15 48 sum:65
52 sum:52
37 sum:37
4 10 5 sum:19
39 sum:39
5 4 1 3 5 sum:18
28 16 5 9 3 4 sum:65
6 1 7 17 sum:31
9 12 34 11 14 sum:80
17 40 14 1 8 2 sum:82
1 1 sum:2
2 2 sum:4
5 2 sum:7
87 sum:87
5 5 5 5 2 sum:22
2 1 sum:3
4 2 sum:6
10 sum:10
1 2 3 5 6 sum:17
2 3 1 sum:6
5 5 sum:10
1 2 3 5 sum:11
11 sum:11
