0
1
2
664
325
27
307
127
310
415
425
24
426
120
578
374
168
602
615
342
568
122
542
57
442
581
506
302
472
642
514
258
21
481
35
35
35
619
638
489
182
501
665
70
309
442
525
494
371
591
597
137
8
498
602
369
346
225
312
611
71
19
349
278
647
673
319
36
572
9
467
384
297
253
141
404
144
94
102
300
577
435
17
68
512
517
605
483
240
458
383
200
412
453
269
8
598
611
358
457
107
627
540
73
35
244
72
148
149
271
418
598
355
278
130
577
660
63
189
324
299
275
64
672
30
61
509
669
60
254
488
351
463
1
509
165
8
91
531
564
597
515
551
218
213
28
210
299
350
720
564
111
103
373
644
587
122
16
323
660
391
364
430
145
618
682
465
530
696
291
381
476
671
90
291
188
296
23
31
478
438
557
15
412
228
547
11
653
317
158
282
632
444
555
141
678
440
49
265
198
